<?xml version="1.0" encoding="UTF-8" standalone="yes"?><!DOCTYPE report PUBLIC "-//JACOCO//DTD Report 1.1//EN" "report.dtd"><report name="adventofcode"><sessioninfo id="MACGPPQJ6T4H9-b4bb9b04" start="1697269867987" dump="1697269868782"/><sessioninfo id="MACGPPQJ6T4H9-aa961f6d" start="1697274545757" dump="1697274546119"/><sessioninfo id="MACGPPQJ6T4H9-2341f41c" start="1697274579040" dump="1697274579392"/><sessioninfo id="MACGPPQJ6T4H9-765ac100" start="1699089963439" dump="1699089963796"/><sessioninfo id="MACGPPQJ6T4H9-5e114248" start="1699138563671" dump="1699138564050"/><sessioninfo id="MACGPPQJ6T4H9-cac7e12f" start="1701471508976" dump="1701471512553"/></report>